2024-05-23 13:33:47,797 - INFO - File saved to: uploads\recording_2024-05-23T07-49-56.134Z_vnr6cne66ik.wav
2024-05-23 13:33:47,797 - INFO - File saved to: uploads\recording_2024-05-23T07-49-56.134Z_vnr6cne66ik.wav
2024-05-23 13:33:47,797 - INFO - Normalized file path: uploads\recording_2024-05-23T07-49-56.134Z_vnr6cne66ik.wav
2024-05-23 13:33:47,797 - INFO - Splitting the WAV file: uploads\recording_2024-05-23T07-49-56.134Z_vnr6cne66ik.wav
2024-05-23 13:33:48,859 - INFO - Loaded audio data with sample rate: 48000
2024-05-23 13:33:48,859 - INFO - Created segment: segment_0.wav
2024-05-23 13:33:48,859 - INFO - Created segment: segment_1.wav
2024-05-23 13:33:48,869 - INFO - Created segment: segment_2.wav
2024-05-23 13:33:48,869 - INFO - Created segment: segment_3.wav
2024-05-23 13:33:48,869 - INFO - Created segment: segment_4.wav
2024-05-23 13:33:48,869 - INFO - Created segment: segment_5.wav
2024-05-23 13:33:48,869 - INFO - Created segment: segment_6.wav
2024-05-23 13:33:48,885 - INFO - Created segment: segment_7.wav
2024-05-23 13:33:48,885 - INFO - Created segment: segment_8.wav
2024-05-23 13:33:48,885 - INFO - Created segment: segment_9.wav
2024-05-23 13:33:48,885 - INFO - Created audio segments: ['segment_0.wav', 'segment_1.wav', 'segment_2.wav', 'segment_3.wav', 'segment_4.wav', 'segment_5.wav', 'segment_6.wav', 'segment_7.wav', 'segment_8.wav', 'segment_9.wav']
2024-05-23 13:33:48,885 - INFO - Processing audio: segment_0.wav
2024-05-23 13:33:48,885 - INFO - Extracting features for segment_0.wav
2024-05-23 13:33:48,906 - INFO - Processing audio: segment_1.wav
2024-05-23 13:33:48,906 - INFO - Extracting features for segment_1.wav
2024-05-23 13:33:48,906 - INFO - Loaded audio data with sample rate: 48000
2024-05-23 13:33:48,906 - INFO - Extracting MFCCs with n_mfcc=20, n_fft=2048, hop_length=512
2024-05-23 13:33:48,906 - INFO - Loaded audio data with sample rate: 48000
2024-05-23 13:33:48,917 - INFO - Extracting MFCCs with n_mfcc=20, n_fft=2048, hop_length=512
2024-05-23 13:33:48,917 - INFO - Processing audio: segment_2.wav
2024-05-23 13:33:48,917 - INFO - Extracting features for segment_2.wav
2024-05-23 13:33:48,938 - INFO - Processing audio: segment_3.wav
2024-05-23 13:33:48,938 - INFO - Extracting features for segment_3.wav
2024-05-23 13:33:48,938 - INFO - Loaded audio data with sample rate: 48000
2024-05-23 13:33:48,940 - INFO - Extracting MFCCs with n_mfcc=20, n_fft=2048, hop_length=512
2024-05-23 13:33:48,947 - INFO - Processing audio: segment_4.wav
2024-05-23 13:33:48,947 - INFO - Extracting features for segment_4.wav
2024-05-23 13:33:48,948 - INFO - Loaded audio data with sample rate: 48000
2024-05-23 13:33:48,948 - INFO - Extracting MFCCs with n_mfcc=20, n_fft=2048, hop_length=512
2024-05-23 13:33:48,948 - INFO - Processing audio: segment_5.wav
2024-05-23 13:33:48,948 - INFO - Loaded audio data with sample rate: 48000
2024-05-23 13:33:48,948 - INFO - Extracting features for segment_5.wav
2024-05-23 13:33:48,948 - INFO - Extracting MFCCs with n_mfcc=20, n_fft=2048, hop_length=512
2024-05-23 13:33:48,961 - INFO - Loaded audio data with sample rate: 48000
2024-05-23 13:33:48,962 - INFO - Extracting MFCCs with n_mfcc=20, n_fft=2048, hop_length=512
2024-05-23 13:33:48,963 - INFO - Processing audio: segment_6.wav
2024-05-23 13:33:48,963 - INFO - Extracting features for segment_6.wav
2024-05-23 13:33:48,966 - INFO - Processing audio: segment_7.wav
2024-05-23 13:33:48,966 - INFO - Extracting features for segment_7.wav
2024-05-23 13:33:48,966 - INFO - Loaded audio data with sample rate: 48000
2024-05-23 13:33:48,966 - INFO - Extracting MFCCs with n_mfcc=20, n_fft=2048, hop_length=512
2024-05-23 13:33:48,972 - INFO - Processing audio: segment_8.wav
2024-05-23 13:33:48,973 - INFO - Extracting features for segment_8.wav
2024-05-23 13:33:48,973 - INFO - Processing audio: segment_9.wav
2024-05-23 13:33:48,973 - INFO - Extracting features for segment_9.wav
2024-05-23 13:33:48,973 - INFO - Loaded audio data with sample rate: 48000
2024-05-23 13:33:48,973 - INFO - Extracting MFCCs with n_mfcc=20, n_fft=2048, hop_length=512
2024-05-23 13:33:48,980 - INFO - Loaded audio data with sample rate: 48000
2024-05-23 13:33:48,980 - INFO - Extracting MFCCs with n_mfcc=20, n_fft=2048, hop_length=512
2024-05-23 13:33:48,989 - INFO - Loaded audio data with sample rate: 48000
2024-05-23 13:33:48,991 - INFO - Extracting MFCCs with n_mfcc=20, n_fft=2048, hop_length=512
2024-05-23 13:33:49,039 - INFO - MFCC shape: (20, 94)
2024-05-23 13:33:49,039 - INFO - MFCC shape: (20, 94)
2024-05-23 13:33:49,039 - INFO - MFCC shape: (20, 94)
2024-05-23 13:33:49,039 - INFO - MFCC features shape: (20,)
2024-05-23 13:33:49,039 - INFO - MFCC shape: (20, 94)
2024-05-23 13:33:49,039 - INFO - MFCC shape: (20, 94)
2024-05-23 13:33:49,039 - INFO - MFCC features shape: (20,)
2024-05-23 13:33:49,039 - INFO - MFCC features shape: (20,)
2024-05-23 13:33:49,044 - INFO - Extracting LPCCs with order=19
2024-05-23 13:33:49,044 - INFO - MFCC shape: (20, 94)
2024-05-23 13:33:49,044 - INFO - MFCC features shape: (20,)
2024-05-23 13:33:49,044 - INFO - MFCC features shape: (20,)
2024-05-23 13:33:49,044 - INFO - Extracting LPCCs with order=19
2024-05-23 13:33:49,044 - INFO - MFCC shape: (20, 94)
2024-05-23 13:33:49,044 - INFO - Extracting LPCCs with order=19
2024-05-23 13:33:49,044 - INFO - MFCC shape: (20, 94)
2024-05-23 13:33:49,044 - INFO - MFCC features shape: (20,)
2024-05-23 13:33:49,044 - INFO - MFCC shape: (20, 94)
2024-05-23 13:33:49,044 - INFO - MFCC shape: (20, 94)
2024-05-23 13:33:49,044 - INFO - Extracting LPCCs with order=19
2024-05-23 13:33:49,044 - INFO - Extracting LPCCs with order=19
2024-05-23 13:33:49,044 - INFO - MFCC features shape: (20,)
2024-05-23 13:33:49,044 - INFO - MFCC features shape: (20,)
2024-05-23 13:33:49,044 - INFO - Extracting LPCCs with order=19
2024-05-23 13:33:49,044 - INFO - MFCC features shape: (20,)
2024-05-23 13:33:49,044 - INFO - MFCC features shape: (20,)
2024-05-23 13:33:49,044 - INFO - Extracting LPCCs with order=19
2024-05-23 13:33:49,044 - INFO - Extracting LPCCs with order=19
2024-05-23 13:33:49,044 - INFO - Extracting LPCCs with order=19
2024-05-23 13:33:49,044 - INFO - Extracting LPCCs with order=19
2024-05-23 13:33:49,044 - INFO - LPC coefficients shape: (20,)
2024-05-23 13:33:49,060 - INFO - LPC coefficients shape: (20,)
2024-05-23 13:33:49,060 - INFO - LPC coefficients shape: (20,)
2024-05-23 13:33:49,060 - INFO - LPC coefficients shape: (20,)
2024-05-23 13:33:49,060 - INFO - LPC coefficients shape: (20,)
2024-05-23 13:33:49,060 - INFO - LPCC coefficients shape: (20,)
2024-05-23 13:33:49,060 - INFO - LPC coefficients shape: (20,)
2024-05-23 13:33:49,060 - INFO - LPCC coefficients shape: (20,)
2024-05-23 13:33:49,060 - INFO - LPC coefficients shape: (20,)
2024-05-23 13:33:49,060 - INFO - LPC coefficients shape: (20,)
2024-05-23 13:33:49,060 - INFO - LPCC coefficients shape: (20,)
2024-05-23 13:33:49,060 - INFO - LPC coefficients shape: (20,)
2024-05-23 13:33:49,076 - INFO - LPCC coefficients shape: (20,)
2024-05-23 13:33:49,076 - INFO - LPC coefficients shape: (20,)
2024-05-23 13:33:49,076 - INFO - LPCC coefficients shape: (20,)
2024-05-23 13:33:49,076 - INFO - Estimating Voice Onset Time (VOT) for segment_9.wav
2024-05-23 13:33:49,076 - INFO - LPCC coefficients shape: (20,)
2024-05-23 13:33:49,076 - INFO - Estimating Voice Onset Time (VOT) for segment_1.wav
2024-05-23 13:33:49,076 - INFO - LPCC coefficients shape: (20,)
2024-05-23 13:33:49,076 - INFO - LPCC coefficients shape: (20,)
2024-05-23 13:33:49,076 - INFO - Estimating Voice Onset Time (VOT) for segment_0.wav
2024-05-23 13:33:49,076 - INFO - LPCC coefficients shape: (20,)
2024-05-23 13:33:49,076 - INFO - Estimating Voice Onset Time (VOT) for segment_7.wav
2024-05-23 13:33:49,076 - INFO - LPCC coefficients shape: (20,)
2024-05-23 13:33:49,076 - INFO - Estimating Voice Onset Time (VOT) for segment_2.wav
2024-05-23 13:33:49,076 - INFO - Voice Onset Time: 0.020000000000000014
2024-05-23 13:33:49,076 - INFO - Estimating Voice Onset Time (VOT) for segment_8.wav
2024-05-23 13:33:49,076 - INFO - Voice Onset Time: 0.020000000000000014
2024-05-23 13:33:49,076 - INFO - Estimating Voice Onset Time (VOT) for segment_5.wav
2024-05-23 13:33:49,076 - INFO - Estimating Voice Onset Time (VOT) for segment_6.wav
2024-05-23 13:33:49,091 - INFO - Voice Onset Time: 0.020000000000000014
2024-05-23 13:33:49,091 - INFO - Estimating Voice Onset Time (VOT) for segment_3.wav
2024-05-23 13:33:49,091 - INFO - Voice Onset Time: 0.020000000000000014
2024-05-23 13:33:49,091 - INFO - Estimating Voice Onset Time (VOT) for segment_4.wav
2024-05-23 13:33:49,091 - INFO - Voice Onset Time: 0.020000000000000014
2024-05-23 13:33:49,091 - INFO - Detecting burst and periodicity onset
2024-05-23 13:33:49,091 - INFO - Voice Onset Time: 0.020000000000000014
2024-05-23 13:33:49,091 - INFO - Detecting burst and periodicity onset
2024-05-23 13:33:49,091 - INFO - Voice Onset Time: 0.020000000000000014
2024-05-23 13:33:49,107 - INFO - Detecting burst and periodicity onset
2024-05-23 13:33:49,107 - INFO - Computing energy and zero crossing rate (ZCR) with hop_length=512
2024-05-23 13:33:49,107 - INFO - Voice Onset Time: 0.020000000000000014
2024-05-23 13:33:49,107 - INFO - Detecting burst and periodicity onset
2024-05-23 13:33:49,107 - INFO - Voice Onset Time: 0.020000000000000014
2024-05-23 13:33:49,107 - INFO - Detecting burst and periodicity onset
2024-05-23 13:33:49,107 - INFO - Computing energy and zero crossing rate (ZCR) with hop_length=512
2024-05-23 13:33:49,107 - INFO - Detecting burst and periodicity onset
2024-05-23 13:33:49,107 - INFO - Computing energy and zero crossing rate (ZCR) with hop_length=512
2024-05-23 13:33:49,107 - INFO - Voice Onset Time: 0.020000000000000014
2024-05-23 13:33:49,107 - INFO - Detecting burst and periodicity onset
2024-05-23 13:33:49,107 - INFO - Detecting burst and periodicity onset
2024-05-23 13:33:49,107 - INFO - Computing energy and zero crossing rate (ZCR) with hop_length=512
2024-05-23 13:33:49,107 - INFO - Energy shape: (94,), ZCR shape: (94,)
2024-05-23 13:33:49,107 - INFO - Detecting burst and periodicity onset
2024-05-23 13:33:49,107 - INFO - Computing energy and zero crossing rate (ZCR) with hop_length=512
2024-05-23 13:33:49,107 - INFO - Computing energy and zero crossing rate (ZCR) with hop_length=512
2024-05-23 13:33:49,107 - INFO - Energy shape: (94,), ZCR shape: (94,)
2024-05-23 13:33:49,123 - INFO - Energy shape: (94,), ZCR shape: (94,)
2024-05-23 13:33:49,123 - INFO - Detecting burst and periodicity onset
2024-05-23 13:33:49,123 - INFO - Computing energy and zero crossing rate (ZCR) with hop_length=512
2024-05-23 13:33:49,123 - INFO - Computing energy and zero crossing rate (ZCR) with hop_length=512
2024-05-23 13:33:49,123 - INFO - Finding burst and periodicity onset
2024-05-23 13:33:49,123 - INFO - Computing energy and zero crossing rate (ZCR) with hop_length=512
2024-05-23 13:33:49,123 - INFO - Energy shape: (94,), ZCR shape: (94,)
2024-05-23 13:33:49,123 - INFO - Finding burst and periodicity onset
2024-05-23 13:33:49,123 - INFO - Finding burst and periodicity onset
2024-05-23 13:33:49,123 - INFO - Computing energy and zero crossing rate (ZCR) with hop_length=512
2024-05-23 13:33:49,123 - INFO - Burst time: 0.064, Periodicity time: 0.7786666666666666
2024-05-23 13:33:49,123 - INFO - Finding burst and periodicity onset
2024-05-23 13:33:49,123 - INFO - Burst time: 0.9706666666666667, Periodicity time: 0.864
2024-05-23 13:33:49,123 - INFO - Burst time: 0.544, Periodicity time: 0.5013333333333333
2024-05-23 13:33:49,123 - INFO - Feature vector shape: (43,)
2024-05-23 13:33:49,123 - INFO - Burst time: 0.384, Periodicity time: 0.896
2024-05-23 13:33:49,123 - INFO - Feature vector shape: (43,)
2024-05-23 13:33:49,123 - INFO - Energy shape: (94,), ZCR shape: (94,)
2024-05-23 13:33:49,123 - INFO - Feature vector shape: (43,)
2024-05-23 13:33:49,123 - INFO - Feature vector shape: (43,)
2024-05-23 13:33:49,139 - ERROR - Error processing audio segment_9.wav: Input X contains infinity or a value too large for dtype('float64').
2024-05-23 13:33:49,139 - INFO - Finding burst and periodicity onset
2024-05-23 13:33:49,139 - ERROR - Error processing audio segment_1.wav: Input X contains infinity or a value too large for dtype('float64').
2024-05-23 13:33:49,139 - INFO - Energy shape: (94,), ZCR shape: (94,)
2024-05-23 13:33:49,139 - INFO - Energy shape: (94,), ZCR shape: (94,)
2024-05-23 13:33:49,139 - INFO - Energy shape: (94,), ZCR shape: (94,)
2024-05-23 13:33:49,139 - INFO - Burst time: 0.18133333333333335, Periodicity time: 0.352
2024-05-23 13:33:49,139 - INFO - Energy shape: (94,), ZCR shape: (94,)
2024-05-23 13:33:49,139 - INFO - Finding burst and periodicity onset
2024-05-23 13:33:49,139 - INFO - Energy shape: (94,), ZCR shape: (94,)
2024-05-23 13:33:49,139 - INFO - Finding burst and periodicity onset
2024-05-23 13:33:49,139 - INFO - Finding burst and periodicity onset
2024-05-23 13:33:49,139 - INFO - Feature vector shape: (43,)
2024-05-23 13:33:49,139 - INFO - Finding burst and periodicity onset
2024-05-23 13:33:49,139 - INFO - Burst time: 0.4053333333333333, Periodicity time: 0.8213333333333334
2024-05-23 13:33:49,139 - INFO - Finding burst and periodicity onset
2024-05-23 13:33:49,139 - INFO - Burst time: 0.5973333333333334, Periodicity time: 0.07466666666666667
2024-05-23 13:33:49,139 - INFO - Burst time: 0.3626666666666667, Periodicity time: 0.20266666666666666
2024-05-23 13:33:49,139 - INFO - Burst time: 0.608, Periodicity time: 0.3413333333333333
2024-05-23 13:33:49,139 - INFO - Feature vector shape: (43,)
2024-05-23 13:33:49,139 - INFO - Burst time: 0.9173333333333333, Periodicity time: 0.6186666666666667
2024-05-23 13:33:49,139 - INFO - Feature vector shape: (43,)
2024-05-23 13:33:49,139 - INFO - Feature vector shape: (43,)
2024-05-23 13:33:49,139 - INFO - Feature vector shape: (43,)
2024-05-23 13:33:49,139 - ERROR - Error processing audio segment_8.wav: Input X contains infinity or a value too large for dtype('float64').
2024-05-23 13:33:49,139 - INFO - Feature vector shape: (43,)
2024-05-23 13:33:49,156 - INFO - Total time taken: 0.27 seconds
2024-05-23 13:33:49,156 - ERROR - Error processing file: setting an array element with a sequence. The requested array has an inhomogeneous shape after 1 dimensions. The detected shape was (10,) + inhomogeneous part.
2024-05-23 13:39:05,627 - INFO - File saved to: uploads\recording_2024-05-23T07-55-11.065Z_6c3yq4novw9.wav
2024-05-23 13:39:05,627 - INFO - File saved to: uploads\recording_2024-05-23T07-55-11.065Z_6c3yq4novw9.wav
2024-05-23 13:39:05,627 - INFO - Normalized file path: uploads\recording_2024-05-23T07-55-11.065Z_6c3yq4novw9.wav
2024-05-23 13:39:05,627 - INFO - Splitting the WAV file: uploads\recording_2024-05-23T07-55-11.065Z_6c3yq4novw9.wav
2024-05-23 13:39:06,585 - INFO - Loaded audio data with sample rate: 48000
2024-05-23 13:39:06,604 - INFO - Created segment: segment_0.wav
2024-05-23 13:39:06,604 - INFO - Created segment: segment_1.wav
2024-05-23 13:39:06,604 - INFO - Created segment: segment_2.wav
2024-05-23 13:39:06,604 - INFO - Created segment: segment_3.wav
2024-05-23 13:39:06,613 - INFO - Created segment: segment_4.wav
2024-05-23 13:39:06,614 - INFO - Created segment: segment_5.wav
2024-05-23 13:39:06,614 - INFO - Created segment: segment_6.wav
2024-05-23 13:39:06,618 - INFO - Created segment: segment_7.wav
2024-05-23 13:39:06,618 - INFO - Created segment: segment_8.wav
2024-05-23 13:39:06,618 - INFO - Created segment: segment_9.wav
2024-05-23 13:39:06,618 - INFO - Created audio segments: ['segment_0.wav', 'segment_1.wav', 'segment_2.wav', 'segment_3.wav', 'segment_4.wav', 'segment_5.wav', 'segment_6.wav', 'segment_7.wav', 'segment_8.wav', 'segment_9.wav']
2024-05-23 13:39:06,618 - INFO - Processing audio: segment_0.wav
2024-05-23 13:39:06,618 - INFO - Extracting features for segment_0.wav
2024-05-23 13:39:06,618 - INFO - Processing audio: segment_1.wav
2024-05-23 13:39:06,618 - INFO - Processing audio: segment_2.wav
2024-05-23 13:39:06,618 - INFO - Processing audio: segment_3.wav
2024-05-23 13:39:06,618 - INFO - Extracting features for segment_3.wav
2024-05-23 13:39:06,618 - INFO - Processing audio: segment_4.wav
2024-05-23 13:39:06,618 - INFO - Extracting features for segment_2.wav
2024-05-23 13:39:06,618 - INFO - Extracting features for segment_1.wav
2024-05-23 13:39:06,618 - INFO - Processing audio: segment_5.wav
2024-05-23 13:39:06,618 - INFO - Extracting features for segment_5.wav
2024-05-23 13:39:06,618 - INFO - Extracting features for segment_4.wav
2024-05-23 13:39:06,634 - INFO - Processing audio: segment_6.wav
2024-05-23 13:39:06,635 - INFO - Loaded audio data with sample rate: 48000
2024-05-23 13:39:06,636 - INFO - Extracting features for segment_6.wav
2024-05-23 13:39:06,636 - INFO - Extracting MFCCs with n_mfcc=20, n_fft=2048, hop_length=512
2024-05-23 13:39:06,636 - INFO - Loaded audio data with sample rate: 48000
2024-05-23 13:39:06,636 - INFO - Loaded audio data with sample rate: 48000
2024-05-23 13:39:06,637 - INFO - Extracting MFCCs with n_mfcc=20, n_fft=2048, hop_length=512
2024-05-23 13:39:06,637 - INFO - Loaded audio data with sample rate: 48000
2024-05-23 13:39:06,637 - INFO - Processing audio: segment_7.wav
2024-05-23 13:39:06,637 - INFO - Processing audio: segment_8.wav
2024-05-23 13:39:06,637 - INFO - Processing audio: segment_9.wav
2024-05-23 13:39:06,637 - INFO - Extracting MFCCs with n_mfcc=20, n_fft=2048, hop_length=512
2024-05-23 13:39:06,637 - INFO - Loaded audio data with sample rate: 48000
2024-05-23 13:39:06,637 - INFO - Loaded audio data with sample rate: 48000
2024-05-23 13:39:06,637 - INFO - Extracting MFCCs with n_mfcc=20, n_fft=2048, hop_length=512
2024-05-23 13:39:06,637 - INFO - Extracting features for segment_7.wav
2024-05-23 13:39:06,637 - INFO - Extracting features for segment_8.wav
2024-05-23 13:39:06,642 - INFO - Extracting features for segment_9.wav
2024-05-23 13:39:06,642 - INFO - Extracting MFCCs with n_mfcc=20, n_fft=2048, hop_length=512
2024-05-23 13:39:06,643 - INFO - Loaded audio data with sample rate: 48000
2024-05-23 13:39:06,643 - INFO - Extracting MFCCs with n_mfcc=20, n_fft=2048, hop_length=512
2024-05-23 13:39:06,643 - INFO - Extracting MFCCs with n_mfcc=20, n_fft=2048, hop_length=512
2024-05-23 13:39:06,646 - INFO - Loaded audio data with sample rate: 48000
2024-05-23 13:39:06,646 - INFO - Extracting MFCCs with n_mfcc=20, n_fft=2048, hop_length=512
2024-05-23 13:39:06,651 - INFO - Loaded audio data with sample rate: 48000
2024-05-23 13:39:06,651 - INFO - Loaded audio data with sample rate: 48000
2024-05-23 13:39:06,653 - INFO - Extracting MFCCs with n_mfcc=20, n_fft=2048, hop_length=512
2024-05-23 13:39:06,653 - INFO - Extracting MFCCs with n_mfcc=20, n_fft=2048, hop_length=512
2024-05-23 13:39:06,718 - INFO - MFCC shape: (20, 94)
2024-05-23 13:39:06,735 - INFO - MFCC features shape: (20,)
2024-05-23 13:39:06,737 - INFO - Extracting LPCCs with order=19
2024-05-23 13:39:06,737 - INFO - MFCC shape: (20, 94)
2024-05-23 13:39:06,737 - INFO - MFCC features shape: (20,)
2024-05-23 13:39:06,737 - INFO - Extracting LPCCs with order=19
2024-05-23 13:39:06,756 - INFO - MFCC shape: (20, 94)
2024-05-23 13:39:06,756 - INFO - MFCC shape: (20, 94)
2024-05-23 13:39:06,756 - INFO - MFCC shape: (20, 94)
2024-05-23 13:39:06,756 - INFO - MFCC features shape: (20,)
2024-05-23 13:39:06,756 - INFO - MFCC features shape: (20,)
2024-05-23 13:39:06,756 - INFO - MFCC shape: (20, 94)
2024-05-23 13:39:06,756 - INFO - MFCC features shape: (20,)
2024-05-23 13:39:06,765 - INFO - Extracting LPCCs with order=19
2024-05-23 13:39:06,765 - INFO - Extracting LPCCs with order=19
2024-05-23 13:39:06,765 - INFO - MFCC features shape: (20,)
2024-05-23 13:39:06,767 - INFO - Extracting LPCCs with order=19
2024-05-23 13:39:06,773 - INFO - MFCC shape: (20, 94)
2024-05-23 13:39:06,773 - INFO - MFCC shape: (20, 94)
2024-05-23 13:39:06,773 - INFO - MFCC shape: (20, 94)
2024-05-23 13:39:06,796 - INFO - MFCC features shape: (20,)
2024-05-23 13:39:06,773 - INFO - Extracting LPCCs with order=19
2024-05-23 13:39:06,785 - INFO - LPC coefficients shape: (20,)
2024-05-23 13:39:06,785 - INFO - LPC coefficients shape: (20,)
2024-05-23 13:39:06,801 - INFO - LPCC coefficients shape: (20,)
2024-05-23 13:39:06,785 - INFO - LPC coefficients shape: (20,)
2024-05-23 13:39:06,785 - INFO - LPC coefficients shape: (20,)
2024-05-23 13:39:06,785 - INFO - MFCC features shape: (20,)
2024-05-23 13:39:06,785 - INFO - MFCC features shape: (20,)
2024-05-23 13:39:06,773 - INFO - MFCC shape: (20, 94)
2024-05-23 13:39:06,796 - INFO - Extracting LPCCs with order=19
2024-05-23 13:39:06,801 - INFO - LPC coefficients shape: (20,)
2024-05-23 13:39:06,801 - INFO - LPCC coefficients shape: (20,)
2024-05-23 13:39:06,801 - INFO - Estimating Voice Onset Time (VOT) for segment_2.wav
2024-05-23 13:39:06,785 - INFO - LPC coefficients shape: (20,)
2024-05-23 13:39:06,801 - INFO - LPCC coefficients shape: (20,)
2024-05-23 13:39:06,801 - INFO - LPCC coefficients shape: (20,)
2024-05-23 13:39:06,801 - INFO - Extracting LPCCs with order=19
2024-05-23 13:39:06,801 - INFO - Extracting LPCCs with order=19
2024-05-23 13:39:06,801 - INFO - MFCC features shape: (20,)
2024-05-23 13:39:06,801 - INFO - LPC coefficients shape: (20,)
2024-05-23 13:39:06,801 - INFO - LPCC coefficients shape: (20,)
2024-05-23 13:39:06,828 - INFO - Estimating Voice Onset Time (VOT) for segment_6.wav
2024-05-23 13:39:06,818 - INFO - Voice Onset Time: 0.020000000000000014
2024-05-23 13:39:06,819 - INFO - LPCC coefficients shape: (20,)
2024-05-23 13:39:06,819 - INFO - Estimating Voice Onset Time (VOT) for segment_3.wav
2024-05-23 13:39:06,819 - INFO - Estimating Voice Onset Time (VOT) for segment_1.wav
2024-05-23 13:39:06,819 - INFO - LPC coefficients shape: (20,)
2024-05-23 13:39:06,819 - INFO - LPC coefficients shape: (20,)
2024-05-23 13:39:06,819 - INFO - Extracting LPCCs with order=19
2024-05-23 13:39:06,828 - INFO - LPCC coefficients shape: (20,)
2024-05-23 13:39:06,801 - INFO - Estimating Voice Onset Time (VOT) for segment_0.wav
2024-05-23 13:39:06,835 - INFO - Voice Onset Time: 0.020000000000000014
2024-05-23 13:39:06,835 - INFO - Detecting burst and periodicity onset
2024-05-23 13:39:06,835 - INFO - Estimating Voice Onset Time (VOT) for segment_8.wav
2024-05-23 13:39:06,839 - INFO - Voice Onset Time: 0.020000000000000014
2024-05-23 13:39:06,847 - INFO - Voice Onset Time: 0.020000000000000014
2024-05-23 13:39:06,847 - INFO - LPCC coefficients shape: (20,)
2024-05-23 13:39:06,847 - INFO - LPCC coefficients shape: (20,)
2024-05-23 13:39:06,852 - INFO - LPC coefficients shape: (20,)
2024-05-23 13:39:06,852 - INFO - Estimating Voice Onset Time (VOT) for segment_5.wav
2024-05-23 13:39:06,855 - INFO - Voice Onset Time: 0.020000000000000014
2024-05-23 13:39:06,872 - INFO - Detecting burst and periodicity onset
2024-05-23 13:39:06,855 - INFO - Computing energy and zero crossing rate (ZCR) with hop_length=512
2024-05-23 13:39:06,865 - INFO - Voice Onset Time: 0.020000000000000014
2024-05-23 13:39:06,869 - INFO - Detecting burst and periodicity onset
2024-05-23 13:39:06,869 - INFO - Detecting burst and periodicity onset
2024-05-23 13:39:06,869 - INFO - Estimating Voice Onset Time (VOT) for segment_7.wav
2024-05-23 13:39:06,869 - INFO - Estimating Voice Onset Time (VOT) for segment_4.wav
2024-05-23 13:39:06,872 - INFO - LPCC coefficients shape: (20,)
2024-05-23 13:39:06,872 - INFO - Voice Onset Time: 0.020000000000000014
2024-05-23 13:39:06,855 - INFO - Detecting burst and periodicity onset
2024-05-23 13:39:06,872 - INFO - Computing energy and zero crossing rate (ZCR) with hop_length=512
2024-05-23 13:39:06,880 - INFO - Detecting burst and periodicity onset
2024-05-23 13:39:06,881 - INFO - Computing energy and zero crossing rate (ZCR) with hop_length=512
2024-05-23 13:39:06,881 - INFO - Computing energy and zero crossing rate (ZCR) with hop_length=512
2024-05-23 13:39:06,885 - INFO - Voice Onset Time: 0.020000000000000014
2024-05-23 13:39:06,885 - INFO - Energy shape: (94,), ZCR shape: (94,)
2024-05-23 13:39:06,896 - INFO - Voice Onset Time: 0.020000000000000014
2024-05-23 13:39:06,896 - INFO - Estimating Voice Onset Time (VOT) for segment_9.wav
2024-05-23 13:39:06,896 - INFO - Detecting burst and periodicity onset
2024-05-23 13:39:06,896 - INFO - Computing energy and zero crossing rate (ZCR) with hop_length=512
2024-05-23 13:39:06,896 - INFO - Computing energy and zero crossing rate (ZCR) with hop_length=512
2024-05-23 13:39:06,904 - INFO - Detecting burst and periodicity onset
2024-05-23 13:39:06,904 - INFO - Finding burst and periodicity onset
2024-05-23 13:39:06,904 - INFO - Detecting burst and periodicity onset
2024-05-23 13:39:06,913 - INFO - Voice Onset Time: 0.020000000000000014
2024-05-23 13:39:06,918 - INFO - Computing energy and zero crossing rate (ZCR) with hop_length=512
2024-05-23 13:39:06,922 - INFO - Computing energy and zero crossing rate (ZCR) with hop_length=512
2024-05-23 13:39:06,922 - INFO - Burst time: 0.18133333333333335, Periodicity time: 0.49066666666666664
2024-05-23 13:39:06,922 - INFO - Computing energy and zero crossing rate (ZCR) with hop_length=512
2024-05-23 13:39:06,922 - INFO - Detecting burst and periodicity onset
2024-05-23 13:39:06,922 - INFO - Energy shape: (94,), ZCR shape: (94,)
2024-05-23 13:39:06,922 - INFO - Energy shape: (94,), ZCR shape: (94,)
2024-05-23 13:39:06,934 - INFO - Feature vector shape: (43,)
2024-05-23 13:39:06,940 - INFO - Computing energy and zero crossing rate (ZCR) with hop_length=512
2024-05-23 13:39:06,940 - INFO - Finding burst and periodicity onset
2024-05-23 13:39:06,940 - INFO - Energy shape: (94,), ZCR shape: (94,)
2024-05-23 13:39:06,940 - INFO - Finding burst and periodicity onset
2024-05-23 13:39:06,940 - ERROR - Error processing audio segment_2.wav: Input X contains NaN.
SVC does not accept missing values encoded as NaN natively. For supervised learning, you might want to consider sklearn.ensemble.HistGradientBoostingClassifier and Regressor which accept missing values encoded as NaNs natively. Alternatively, it is possible to preprocess the data, for instance by using an imputer transformer in a pipeline or drop samples with missing values. See https://scikit-learn.org/stable/modules/impute.html You can find a list of all estimators that handle NaN values at the following page: https://scikit-learn.org/stable/modules/impute.html#estimators-that-handle-nan-values
2024-05-23 13:39:06,940 - INFO - Energy shape: (94,), ZCR shape: (94,)
2024-05-23 13:39:06,950 - INFO - Burst time: 0.064, Periodicity time: 0.704
2024-05-23 13:39:06,953 - INFO - Finding burst and periodicity onset
2024-05-23 13:39:06,954 - INFO - Burst time: 0.21333333333333335, Periodicity time: 0.192
2024-05-23 13:39:06,958 - INFO - Energy shape: (94,), ZCR shape: (94,)
2024-05-23 13:39:06,958 - INFO - Finding burst and periodicity onset
2024-05-23 13:39:06,958 - INFO - Feature vector shape: (43,)
2024-05-23 13:39:06,958 - INFO - Energy shape: (94,), ZCR shape: (94,)
2024-05-23 13:39:06,966 - INFO - Burst time: 0.7786666666666666, Periodicity time: 0.9493333333333334
2024-05-23 13:39:06,966 - INFO - Feature vector shape: (43,)
2024-05-23 13:39:06,969 - INFO - Energy shape: (94,), ZCR shape: (94,)
2024-05-23 13:39:06,969 - INFO - Finding burst and periodicity onset
2024-05-23 13:39:06,969 - INFO - Burst time: 0.9706666666666667, Periodicity time: 0.39466666666666667
2024-05-23 13:39:06,975 - INFO - Finding burst and periodicity onset
2024-05-23 13:39:06,975 - INFO - Energy shape: (94,), ZCR shape: (94,)
2024-05-23 13:39:06,975 - INFO - Feature vector shape: (43,)
2024-05-23 13:39:06,975 - ERROR - Error processing audio segment_1.wav: Input X contains NaN.
SVC does not accept missing values encoded as NaN natively. For supervised learning, you might want to consider sklearn.ensemble.HistGradientBoostingClassifier and Regressor which accept missing values encoded as NaNs natively. Alternatively, it is possible to preprocess the data, for instance by using an imputer transformer in a pipeline or drop samples with missing values. See https://scikit-learn.org/stable/modules/impute.html You can find a list of all estimators that handle NaN values at the following page: https://scikit-learn.org/stable/modules/impute.html#estimators-that-handle-nan-values
2024-05-23 13:39:06,975 - INFO - Energy shape: (94,), ZCR shape: (94,)
2024-05-23 13:39:06,975 - INFO - Finding burst and periodicity onset
2024-05-23 13:39:06,975 - INFO - Burst time: 0.512, Periodicity time: 0.21333333333333335
2024-05-23 13:39:06,975 - INFO - Feature vector shape: (43,)
2024-05-23 13:39:06,975 - INFO - Burst time: 0.992, Periodicity time: 0.37333333333333335
2024-05-23 13:39:06,975 - INFO - Finding burst and periodicity onset
2024-05-23 13:39:06,983 - INFO - Finding burst and periodicity onset
2024-05-23 13:39:06,983 - INFO - Burst time: 0.49066666666666664, Periodicity time: 0.8853333333333333
2024-05-23 13:39:06,983 - INFO - Feature vector shape: (43,)
2024-05-23 13:39:06,984 - ERROR - Error processing audio segment_3.wav: Input X contains infinity or a value too large for dtype('float64').
2024-05-23 13:39:06,984 - INFO - Feature vector shape: (43,)
2024-05-23 13:39:06,984 - INFO - Burst time: 0.96, Periodicity time: 0.7893333333333333
2024-05-23 13:39:06,984 - INFO - Burst time: 0.8533333333333334, Periodicity time: 0.608
2024-05-23 13:39:06,984 - INFO - Feature vector shape: (43,)
2024-05-23 13:39:06,984 - INFO - Feature vector shape: (43,)
2024-05-23 13:39:06,984 - INFO - Feature vector shape: (43,)
2024-05-23 13:39:06,984 - ERROR - Error processing audio segment_9.wav: Input X contains NaN.
SVC does not accept missing values encoded as NaN natively. For supervised learning, you might want to consider sklearn.ensemble.HistGradientBoostingClassifier and Regressor which accept missing values encoded as NaNs natively. Alternatively, it is possible to preprocess the data, for instance by using an imputer transformer in a pipeline or drop samples with missing values. See https://scikit-learn.org/stable/modules/impute.html You can find a list of all estimators that handle NaN values at the following page: https://scikit-learn.org/stable/modules/impute.html#estimators-that-handle-nan-values
2024-05-23 13:39:06,984 - INFO - Total time taken: 0.37 seconds
2024-05-23 13:39:06,984 - ERROR - Error processing file: setting an array element with a sequence. The requested array has an inhomogeneous shape after 1 dimensions. The detected shape was (10,) + inhomogeneous part.
